{"category":"application","level":"info","message":"Initializing MongoDB connection...","service":"research-connect","timestamp":"2026-07-08 22:15:39"}
{"category":"application","level":"info","message":"Mongoose default connection open to mongodb://researchconnectdb:researchconnectdb@ac-qpuswwn-shard-00-00.0x5pbm5.mongodb.net:27017,ac-qpuswwn-shard-00-01.0x5pbm5.mongodb.net:27017,ac-qpuswwn-shard-00-02.0x5pbm5.mongodb.net:27017/research_connect?ssl=true&replicaSet=atlas-t9ah7c-shard-0&authSource=admin","service":"research-connect","timestamp":"2026-07-08 22:15:40"}
{"category":"application","level":"info","message":"MongoDB connected successfully.","service":"research-connect","timestamp":"2026-07-08 22:15:40"}
{"category":"application","level":"info","message":"Research Connect server running on port 5001 in development mode","service":"research-connect","timestamp":"2026-07-08 22:15:40"}
{"category":"application","level":"info","message":"Auditing and syncing database indexes...","service":"research-connect","timestamp":"2026-07-08 22:15:40"}
{"category":"application","level":"info","message":"Successfully dropped publication_full_text_search to apply language_override: none","service":"research-connect","timestamp":"2026-07-08 22:15:41"}
{"category":"application","level":"info","message":"Syncing indexes for model: User","service":"research-connect","timestamp":"2026-07-08 22:15:41"}
{"category":"application","level":"info","message":"Syncing indexes for model: Profile","service":"research-connect","timestamp":"2026-07-08 22:15:43"}
{"category":"application","level":"info","message":"Syncing indexes for model: Settings","service":"research-connect","timestamp":"2026-07-08 22:15:43"}
{"category":"application","level":"info","message":"Syncing indexes for model: Notification","service":"research-connect","timestamp":"2026-07-08 22:15:44"}
{"category":"application","level":"info","message":"Syncing indexes for model: Session","service":"research-connect","timestamp":"2026-07-08 22:15:44"}
{"category":"application","level":"info","message":"Syncing indexes for model: ActivityLog","service":"research-connect","timestamp":"2026-07-08 22:15:44"}
{"category":"application","level":"info","message":"Syncing indexes for model: RefreshToken","service":"research-connect","timestamp":"2026-07-08 22:15:44"}
{"category":"application","level":"info","message":"Syncing indexes for model: EmailOtp","service":"research-connect","timestamp":"2026-07-08 22:15:44"}
{"category":"application","level":"info","message":"Syncing indexes for model: SystemConfiguration","service":"research-connect","timestamp":"2026-07-08 22:15:44"}
{"category":"application","level":"info","message":"Syncing indexes for model: ApplicationLog","service":"research-connect","timestamp":"2026-07-08 22:15:44"}
{"category":"application","level":"info","message":"Syncing indexes for model: GoogleScholarProfile","service":"research-connect","timestamp":"2026-07-08 22:15:44"}
{"category":"application","level":"info","message":"Syncing indexes for model: Publication","service":"research-connect","timestamp":"2026-07-08 22:15:44"}
{"category":"application","level":"info","message":"Syncing indexes for model: PublicationAuthor","service":"research-connect","timestamp":"2026-07-08 22:15:44"}
{"category":"application","level":"info","message":"Syncing indexes for model: CoAuthor","service":"research-connect","timestamp":"2026-07-08 22:15:44"}
{"category":"application","level":"info","message":"Syncing indexes for model: CitationGraph","service":"research-connect","timestamp":"2026-07-08 22:15:44"}
{"category":"application","level":"info","message":"Syncing indexes for model: ResearchArea","service":"research-connect","timestamp":"2026-07-08 22:15:44"}
{"category":"application","level":"info","message":"Syncing indexes for model: Keyword","service":"research-connect","timestamp":"2026-07-08 22:15:44"}
{"category":"application","level":"info","message":"Syncing indexes for model: ResearchMetric","service":"research-connect","timestamp":"2026-07-08 22:15:45"}
{"category":"application","level":"info","message":"Syncing indexes for model: Import","service":"research-connect","timestamp":"2026-07-08 22:15:45"}
{"category":"application","level":"info","message":"Syncing indexes for model: ImportLog","service":"research-connect","timestamp":"2026-07-08 22:15:45"}
{"category":"application","level":"info","message":"Syncing indexes for model: DerivedAnalytics","service":"research-connect","timestamp":"2026-07-08 22:15:45"}
{"category":"application","level":"info","message":"Syncing indexes for model: SyncHistory","service":"research-connect","timestamp":"2026-07-08 22:15:45"}
{"category":"application","level":"info","message":"Syncing indexes for model: SecurityLog","service":"research-connect","timestamp":"2026-07-08 22:15:45"}
{"category":"application","level":"info","message":"Syncing indexes for model: ProfileCompletion","service":"research-connect","timestamp":"2026-07-08 22:15:45"}
{"category":"application","level":"info","message":"Syncing indexes for model: Education","service":"research-connect","timestamp":"2026-07-08 22:15:45"}
{"category":"application","level":"info","message":"Syncing indexes for model: Experience","service":"research-connect","timestamp":"2026-07-08 22:15:45"}
{"category":"application","level":"info","message":"Syncing indexes for model: Skill","service":"research-connect","timestamp":"2026-07-08 22:15:45"}
{"category":"application","level":"info","message":"Syncing indexes for model: Patent","service":"research-connect","timestamp":"2026-07-08 22:15:45"}
{"category":"application","level":"info","message":"Syncing indexes for model: Book","service":"research-connect","timestamp":"2026-07-08 22:15:45"}
{"category":"application","level":"info","message":"Syncing indexes for model: Award","service":"research-connect","timestamp":"2026-07-08 22:15:45"}
{"category":"application","level":"info","message":"Syncing indexes for model: Certificate","service":"research-connect","timestamp":"2026-07-08 22:15:45"}
{"category":"application","level":"info","message":"Syncing indexes for model: SocialLink","service":"research-connect","timestamp":"2026-07-08 22:15:45"}
{"category":"application","level":"info","message":"Syncing indexes for model: ProfileAnalytics","service":"research-connect","timestamp":"2026-07-08 22:15:46"}
{"category":"application","level":"info","message":"Syncing indexes for model: Project","service":"research-connect","timestamp":"2026-07-08 22:15:46"}
{"category":"application","level":"info","message":"Syncing indexes for model: Dataset","service":"research-connect","timestamp":"2026-07-08 22:15:46"}
{"category":"application","level":"info","message":"Syncing indexes for model: Follow","service":"research-connect","timestamp":"2026-07-08 22:15:46"}
{"category":"application","level":"info","message":"Syncing indexes for model: Connection","service":"research-connect","timestamp":"2026-07-08 22:15:46"}
{"category":"application","level":"info","message":"Syncing indexes for model: ConnectionRequest","service":"research-connect","timestamp":"2026-07-08 22:15:46"}
{"category":"application","level":"info","message":"Syncing indexes for model: Feed","service":"research-connect","timestamp":"2026-07-08 22:15:46"}
{"category":"application","level":"info","message":"Syncing indexes for model: Like","service":"research-connect","timestamp":"2026-07-08 22:15:46"}
{"category":"application","level":"info","message":"Syncing indexes for model: Bookmark","service":"research-connect","timestamp":"2026-07-08 22:15:46"}
{"category":"application","level":"info","message":"Syncing indexes for model: Comment","service":"research-connect","timestamp":"2026-07-08 22:15:46"}
{"category":"application","level":"info","message":"Syncing indexes for model: Share","service":"research-connect","timestamp":"2026-07-08 22:15:46"}
{"category":"application","level":"info","message":"Syncing indexes for model: Recommendation","service":"research-connect","timestamp":"2026-07-08 22:15:46"}
{"category":"application","level":"info","message":"Syncing indexes for model: ResearchQuestion","service":"research-connect","timestamp":"2026-07-08 22:15:46"}
{"category":"application","level":"info","message":"Syncing indexes for model: Event","service":"research-connect","timestamp":"2026-07-08 22:15:46"}
{"category":"application","level":"info","message":"Syncing indexes for model: FeedInteraction","service":"research-connect","timestamp":"2026-07-08 22:15:46"}
{"category":"application","level":"info","message":"Syncing indexes for model: FeedEvent","service":"research-connect","timestamp":"2026-07-08 22:15:47"}
{"category":"application","level":"info","message":"Syncing indexes for model: FeedRanking","service":"research-connect","timestamp":"2026-07-08 22:15:47"}
{"category":"application","level":"info","message":"Syncing indexes for model: PublicationFile","service":"research-connect","timestamp":"2026-07-08 22:15:47"}
{"category":"application","level":"info","message":"Syncing indexes for model: PublicationKeyword","service":"research-connect","timestamp":"2026-07-08 22:15:47"}
{"category":"application","level":"info","message":"Syncing indexes for model: PublicationResearchArea","service":"research-connect","timestamp":"2026-07-08 22:15:47"}
{"category":"application","level":"info","message":"Syncing indexes for model: PublicationMetric","service":"research-connect","timestamp":"2026-07-08 22:15:47"}
{"category":"application","level":"info","message":"Syncing indexes for model: PublicationAnalytic","service":"research-connect","timestamp":"2026-07-08 22:15:47"}
{"category":"application","level":"info","message":"Syncing indexes for model: PublicationView","service":"research-connect","timestamp":"2026-07-08 22:15:47"}
{"category":"application","level":"info","message":"Syncing indexes for model: PublicationDownload","service":"research-connect","timestamp":"2026-07-08 22:15:47"}
{"category":"application","level":"info","message":"Syncing indexes for model: PublicationBookmark","service":"research-connect","timestamp":"2026-07-08 22:15:47"}
{"category":"application","level":"info","message":"Syncing indexes for model: PublicationComment","service":"research-connect","timestamp":"2026-07-08 22:15:47"}
{"category":"application","level":"info","message":"Syncing indexes for model: PublicationHistory","service":"research-connect","timestamp":"2026-07-08 22:15:47"}
{"category":"application","level":"info","message":"Syncing indexes for model: PublicationCitation","service":"research-connect","timestamp":"2026-07-08 22:15:47"}
{"category":"application","level":"info","message":"Syncing indexes for model: Conversation","service":"research-connect","timestamp":"2026-07-08 22:15:47"}
{"category":"application","level":"info","message":"Syncing indexes for model: Message","service":"research-connect","timestamp":"2026-07-08 22:15:47"}
{"category":"application","level":"info","message":"Syncing indexes for model: PinnedChat","service":"research-connect","timestamp":"2026-07-08 22:15:48"}
{"category":"application","level":"info","message":"Syncing indexes for model: ArchivedChat","service":"research-connect","timestamp":"2026-07-08 22:15:48"}
{"category":"application","level":"info","message":"Syncing indexes for model: MessageAttachment","service":"research-connect","timestamp":"2026-07-08 22:15:48"}
{"category":"application","level":"info","message":"Syncing indexes for model: MessageReaction","service":"research-connect","timestamp":"2026-07-08 22:15:48"}
{"category":"application","level":"info","message":"Syncing indexes for model: Presence","service":"research-connect","timestamp":"2026-07-08 22:15:48"}
{"category":"application","level":"info","message":"Syncing indexes for model: SocketSession","service":"research-connect","timestamp":"2026-07-08 22:15:48"}
{"category":"application","level":"info","message":"Syncing indexes for model: SearchHistory","service":"research-connect","timestamp":"2026-07-08 22:15:48"}
{"category":"application","level":"info","message":"Syncing indexes for model: SearchAnalytic","service":"research-connect","timestamp":"2026-07-08 22:15:48"}
{"category":"application","level":"info","message":"Syncing indexes for model: Upload","service":"research-connect","timestamp":"2026-07-08 22:15:48"}
{"category":"application","level":"info","message":"Syncing indexes for model: Collaboration","service":"research-connect","timestamp":"2026-07-08 22:15:48"}
{"category":"application","level":"info","message":"Syncing indexes for model: CollaborationMember","service":"research-connect","timestamp":"2026-07-08 22:15:48"}
{"category":"application","level":"info","message":"Syncing indexes for model: CollaborationInvitation","service":"research-connect","timestamp":"2026-07-08 22:15:48"}
{"category":"application","level":"info","message":"Syncing indexes for model: CollaborationTask","service":"research-connect","timestamp":"2026-07-08 22:15:48"}
{"category":"application","level":"info","message":"Syncing indexes for model: CollaborationFile","service":"research-connect","timestamp":"2026-07-08 22:15:48"}
{"category":"application","level":"info","message":"Syncing indexes for model: CollaborationActivity","service":"research-connect","timestamp":"2026-07-08 22:15:48"}
{"category":"application","level":"info","message":"Syncing indexes for model: CollaborationMeeting","service":"research-connect","timestamp":"2026-07-08 22:15:49"}
{"category":"application","level":"info","message":"Syncing indexes for model: CollaborationMessage","service":"research-connect","timestamp":"2026-07-08 22:15:49"}
{"category":"application","level":"info","message":"Syncing indexes for model: ResearchIdentity","service":"research-connect","timestamp":"2026-07-08 22:15:49"}
{"category":"application","level":"info","message":"Syncing indexes for model: IdentityProvider","service":"research-connect","timestamp":"2026-07-08 22:15:49"}
{"category":"application","level":"info","message":"Syncing indexes for model: AcademicMetrics","service":"research-connect","timestamp":"2026-07-08 22:15:49"}
{"category":"application","level":"info","message":"Syncing indexes for model: CoAuthorGraph","service":"research-connect","timestamp":"2026-07-08 22:15:49"}
{"category":"application","level":"info","message":"Syncing indexes for model: RecommendationScore","service":"research-connect","timestamp":"2026-07-08 22:15:49"}
{"category":"application","level":"info","message":"Syncing indexes for model: RecommendationProfile","service":"research-connect","timestamp":"2026-07-08 22:15:49"}
{"category":"application","level":"info","message":"Syncing indexes for model: ResearchGraph","service":"research-connect","timestamp":"2026-07-08 22:15:49"}
{"category":"application","level":"info","message":"Syncing indexes for model: RecommendationHistory","service":"research-connect","timestamp":"2026-07-08 22:15:49"}
{"category":"application","level":"info","message":"Database indexes synced successfully.","service":"research-connect","timestamp":"2026-07-08 22:15:49"}
{"category":"application","level":"info","message":"Initializing background Scholar import queue worker...","service":"research-connect","timestamp":"2026-07-08 22:15:49"}
{"category":"application","level":"info","message":"Initializing background Identity Sync queue worker...","service":"research-connect","timestamp":"2026-07-08 22:15:49"}
{"category":"application","level":"info","message":"Background workers initialized.","service":"research-connect","timestamp":"2026-07-08 22:15:49"}
{"category":"application","level":"info","message":"1787eefe-9e83-4fcd-bb6a-a3081247ead3 ::1 GET /api/v1/notifications/unread-count 401 - - 7.871 ms","service":"research-connect","tags":["api-request"],"timestamp":"2026-07-08 22:16:03"}
{"category":"application","level":"info","message":"e68d873c-de4c-4ff2-ae7c-59ac55a277e5 ::1 GET /api/v1/connections/requests/received 401 - - 0.831 ms","service":"research-connect","tags":["api-request"],"timestamp":"2026-07-08 22:16:03"}
{"category":"application","level":"info","message":"8bdc270b-5656-472d-b84a-f6749ccb1c45 ::1 GET /api/v1/feed?page=1&limit=10 401 - - 0.614 ms","service":"research-connect","tags":["api-request"],"timestamp":"2026-07-08 22:16:03"}
{"category":"application","level":"info","message":"0c7ae27d-4d65-40f4-8fb9-d2a324ff5461 ::1 GET /api/v1/recommendations/researchers?limit=5 401 - - 0.436 ms","service":"research-connect","tags":["api-request"],"timestamp":"2026-07-08 22:16:03"}
{"category":"application","level":"info","message":"d8e9bc7f-cfde-4479-a983-879cb52a8571 ::1 GET /api/v1/events?page=1&limit=3 401 - - 0.414 ms","service":"research-connect","tags":["api-request"],"timestamp":"2026-07-08 22:16:03"}
{"category":"application","level":"info","message":"832b7ff7-a34c-4c18-9cd0-f44d8bca4071 ::1 GET /api/v1/scholar/profile 401 - - 0.404 ms","service":"research-connect","tags":["api-request"],"timestamp":"2026-07-08 22:16:03"}
{"category":"application","level":"info","message":"aa519c98-858c-47e0-be55-72c8c8ab9228 ::1 GET /api/v1/feed?page=1&limit=10 401 - - 0.370 ms","service":"research-connect","tags":["api-request"],"timestamp":"2026-07-08 22:16:03"}
{"category":"application","level":"info","message":"70e5975f-7257-4284-876e-35ecc141ad25 ::1 POST /api/v1/auth/refresh-token 200 359 - 113.228 ms","service":"research-connect","tags":["api-request"],"timestamp":"2026-07-08 22:16:03"}
{"category":"application","level":"info","message":"be51ba8f-8685-4d8b-a4f4-9c27ddd24f31 ::1 GET /api/v1/connections/requests/received 304 - - 78.771 ms","service":"research-connect","tags":["api-request"],"timestamp":"2026-07-08 22:16:03"}
{"category":"application","level":"info","message":"1f9f357f-6c7b-4af8-89fd-00550361af6c ::1 GET /api/v1/scholar/profile 304 - - 78.310 ms","service":"research-connect","tags":["api-request"],"timestamp":"2026-07-08 22:16:03"}
{"category":"application","level":"info","message":"37722a45-e842-4527-856a-6cc4de8e5799 ::1 GET /api/v1/events?page=1&limit=3 304 - - 114.117 ms","service":"research-connect","tags":["api-request"],"timestamp":"2026-07-08 22:16:03"}
{"category":"application","level":"info","message":"2fc7a897-a7a7-4d8a-bf73-4732384b4f31 ::1 GET /api/v1/notifications/unread-count 304 - - 120.075 ms","service":"research-connect","tags":["api-request"],"timestamp":"2026-07-08 22:16:03"}
{"category":"application","level":"info","message":"12945184-dca0-47f4-b46c-027872aaf561 ::1 GET /api/v1/scholar/publications?page=1&limit=5 304 - - 86.890 ms","service":"research-connect","tags":["api-request"],"timestamp":"2026-07-08 22:16:03"}
{"category":"application","level":"info","message":"2e017bae-5fa6-4350-b37a-54006a44dd56 ::1 GET /api/v1/scholar/citations 304 - - 87.057 ms","service":"research-connect","tags":["api-request"],"timestamp":"2026-07-08 22:16:03"}
{"category":"application","level":"info","message":"9a4bb311-a559-45ae-960a-396359974163 ::1 GET /api/v1/scholar/coauthors 304 - - 85.543 ms","service":"research-connect","tags":["api-request"],"timestamp":"2026-07-08 22:16:03"}
{"category":"application","level":"info","message":"53124377-fe4d-4a94-833c-652f71915377 ::1 GET /api/v1/feed?page=1&limit=10 200 - - 282.412 ms","service":"research-connect","tags":["api-request"],"timestamp":"2026-07-08 22:16:03"}
{"category":"application","level":"info","message":"d5bb1fad-4e0c-4425-95d8-19eed22f3d95 ::1 GET /api/v1/recommendations/researchers?limit=5 304 - - 355.293 ms","service":"research-connect","tags":["api-request"],"timestamp":"2026-07-08 22:16:03"}
{"category":"application","level":"info","message":"e7663361-6b85-47ae-85d4-ba4416e99c02 ::1 GET /api/v1/feed?page=1&limit=10 304 - - 101.468 ms","service":"research-connect","tags":["api-request"],"timestamp":"2026-07-08 22:16:03"}
{"category":"application","level":"info","message":"638497ad-54cd-4d5f-9a4a-926db7e463b5 ::1 GET /api/v1/profile/durga-prasad-rc_NBRIYL 200 - - 339.015 ms","service":"research-connect","tags":["api-request"],"timestamp":"2026-07-08 22:16:13"}
{"category":"application","level":"info","message":"c4327947-eb0e-4356-9ea5-988b3f77cc7c ::1 GET /api/v1/publications/profile/durga-prasad-rc_NBRIYL/publications?page=1&limit=10&sort=-createdAt 304 - - 286.254 ms","service":"research-connect","tags":["api-request"],"timestamp":"2026-07-08 22:16:13"}
{"category":"application","level":"info","message":"5aebce00-e2e1-474e-b8b2-ef7a1bf9f874 ::1 GET /api/v1/publications/profile/durga-prasad-rc_NBRIYL/publications?page=1&limit=10&sort=-createdAt 304 - - 115.401 ms","service":"research-connect","tags":["api-request"],"timestamp":"2026-07-08 22:16:13"}
{"category":"application","level":"info","message":"53cbf163-e5e1-4e0a-b12c-c5746adaa47f ::1 GET /api/v1/notifications?limit=20 304 - - 196.045 ms","service":"research-connect","tags":["api-request"],"timestamp":"2026-07-08 22:16:16"}
{"category":"application","level":"info","message":"90facdd1-fc62-4bb0-b06c-3c7631dea322 ::1 GET /api/v1/feed?page=1&limit=10 304 - - 111.888 ms","service":"research-connect","tags":["api-request"],"timestamp":"2026-07-08 22:16:23"}
{"category":"application","level":"info","message":"25b911e1-4a1b-4032-9d22-8ad02ac251c6 ::1 GET /api/v1/feed?page=1&limit=10 304 - - 100.963 ms","service":"research-connect","tags":["api-request"],"timestamp":"2026-07-08 22:16:23"}
{"category":"application","level":"info","message":"f6d5a2ce-87d9-4628-8519-e458a4403581 ::1 GET /api/v1/messages/conversations 400 873 - 152.323 ms","service":"research-connect","tags":["api-request"],"timestamp":"2026-07-08 22:16:30"}
{"category":"application","level":"info","message":"197ff320-471e-47e7-9279-667bc37ad11c ::1 GET /api/v1/suggested-researchers 304 - - 220.036 ms","service":"research-connect","tags":["api-request"],"timestamp":"2026-07-08 22:16:30"}
{"category":"application","level":"info","message":"7780dfb8-da51-419d-89bc-ea9127b479ed ::1 POST /api/v1/messages/conversations 404 - - 164.663 ms","service":"research-connect","tags":["api-request"],"timestamp":"2026-07-08 22:16:34"}
{"category":"application","level":"info","message":"8684de40-bda9-41ae-8549-4baf7093ec28 ::1 GET /api/v1/follows/followers/durga-prasad-rc_NBRIYL?limit=12&search= 200 - - 91.388 ms","service":"research-connect","tags":["api-request"],"timestamp":"2026-07-08 22:16:37"}
{"category":"application","level":"info","message":"dee388e1-27a5-4fd8-a4b4-fff0fc0c454b ::1 GET /api/v1/follows/status/6a47bbe08ee0ea033b4d420a 200 434 - 94.544 ms","service":"research-connect","tags":["api-request"],"timestamp":"2026-07-08 22:16:37"}
{"category":"application","level":"info","message":"eb471579-1361-46b3-8064-c478ad182797 ::1 GET /api/v1/follows/status/6a47b7c10e421a3102e4574f 304 - - 96.594 ms","service":"research-connect","tags":["api-request"],"timestamp":"2026-07-08 22:16:37"}
{"category":"application","level":"info","message":"3c5b0f95-844b-4d5d-b050-18e9cd35053c ::1 GET /api/v1/follows/status/6a47c8bf5930ec6be9cbcb89 304 - - 99.935 ms","service":"research-connect","tags":["api-request"],"timestamp":"2026-07-08 22:16:37"}
{"category":"application","level":"info","message":"b71906f4-1b52-4b0e-b7b9-6d3252453d48 ::1 GET /api/v1/follows/status/6a49219f3209303b883d934c 304 - - 100.588 ms","service":"research-connect","tags":["api-request"],"timestamp":"2026-07-08 22:16:37"}
{"category":"application","level":"info","message":"1c2f977e-9767-4912-92c1-f4ff2bb2ae46 ::1 GET /api/v1/follows/status/6a47c2e045f4263f84d30803 304 - - 279.607 ms","service":"research-connect","tags":["api-request"],"timestamp":"2026-07-08 22:16:37"}
{"category":"application","level":"info","message":"97e85630-8823-478c-9d93-2ce36339788e ::1 GET /api/v1/follows/followers/durga-prasad-rc_NBRIYL?limit=12&search=sushil 200 137 - 125.244 ms","service":"research-connect","tags":["api-request"],"timestamp":"2026-07-08 22:16:44"}
{"category":"application","level":"info","message":"3bd4e7d3-9280-488a-b9be-c995f6f31415 ::1 GET /api/v1/follows/followers/durga-prasad-rc_NBRIYL?limit=12&search=sushi 200 137 - 105.161 ms","service":"research-connect","tags":["api-request"],"timestamp":"2026-07-08 22:16:46"}
{"category":"application","level":"info","message":"ba0954b2-2e99-40cb-8634-1d5f8eef10e3 ::1 GET /api/v1/feed?page=1&limit=10 304 - - 109.915 ms","service":"research-connect","tags":["api-request"],"timestamp":"2026-07-08 22:16:48"}
{"category":"application","level":"info","message":"5d8863b9-1071-4b90-8297-08ac7e08f4dc ::1 GET /api/v1/suggested-researchers 304 - - 121.070 ms","service":"research-connect","tags":["api-request"],"timestamp":"2026-07-08 22:16:48"}
{"category":"application","level":"info","message":"363f6a91-49e0-4f77-9a60-2593dfc9d30a ::1 GET /api/v1/messages/conversations 400 873 - 169.754 ms","service":"research-connect","tags":["api-request"],"timestamp":"2026-07-08 22:16:48"}
{"category":"application","level":"info","message":"e8f937bd-cd6f-4fbd-bcfe-2feeb3fdf120 ::1 GET /api/v1/feed?page=1&limit=10 304 - - 107.925 ms","service":"research-connect","tags":["api-request"],"timestamp":"2026-07-08 22:16:48"}
{"category":"application","level":"info","message":"42c860f0-00a4-402d-8668-5265bfbef9bb ::1 GET /api/v1/suggested-researchers 304 - - 106.946 ms","service":"research-connect","tags":["api-request"],"timestamp":"2026-07-08 22:16:49"}
{"category":"application","level":"info","message":"48988778-002e-45de-bf63-50249cc466b8 ::1 GET /api/v1/messages/conversations 400 873 - 157.870 ms","service":"research-connect","tags":["api-request"],"timestamp":"2026-07-08 22:16:49"}
{"category":"application","level":"info","message":"8b839ae8-a06d-4fd1-b8c4-bdf3f11a2870 ::1 GET /api/v1/profile/me 200 - - 53.316 ms","service":"research-connect","tags":["api-request"],"timestamp":"2026-07-08 22:16:52"}
{"category":"application","level":"info","message":"6c7c3865-8f14-41e6-865d-eca30e95931f ::1 GET /api/v1/follows/suggestions?limit=6&page=1 304 - - 327.024 ms","service":"research-connect","tags":["api-request"],"timestamp":"2026-07-08 22:16:52"}
{"category":"application","level":"info","message":"55f2a147-98e4-469b-8322-a15777e90667 ::1 GET /api/v1/connections/status/6a48f99e271dfef414de42d8 304 - - 106.135 ms","service":"research-connect","tags":["api-request"],"timestamp":"2026-07-08 22:16:53"}
{"category":"application","level":"info","message":"bd5b3687-94aa-4ad5-94d3-57cde7bc2781 ::1 GET /api/v1/follows/status/6a48f99e271dfef414de42d8 304 - - 106.974 ms","service":"research-connect","tags":["api-request"],"timestamp":"2026-07-08 22:16:53"}
{"category":"application","level":"info","message":"15de0f9d-d10b-42d6-8327-bc0db3bf247f ::1 GET /api/v1/connections?limit=12&search= 304 - - 76.797 ms","service":"research-connect","tags":["api-request"],"timestamp":"2026-07-08 22:17:03"}
{"category":"application","level":"info","message":"313a98e3-413e-4e9a-8a86-29d3caba0241 ::1 GET /api/v1/connections/status/6a47bbe08ee0ea033b4d420a 200 230 - 114.387 ms","service":"research-connect","tags":["api-request"],"timestamp":"2026-07-08 22:17:03"}
{"category":"application","level":"info","message":"9aa439ba-fef6-4745-a48c-395a55ba72e6 ::1 GET /api/v1/connections/status/6a47c2e045f4263f84d30803 304 - - 113.920 ms","service":"research-connect","tags":["api-request"],"timestamp":"2026-07-08 22:17:03"}
{"category":"application","level":"info","message":"cdcd0535-fb5c-4ae4-bf25-f24fd1f129d4 ::1 GET /api/v1/connections/status/6a49219f3209303b883d934c 200 230 - 114.516 ms","service":"research-connect","tags":["api-request"],"timestamp":"2026-07-08 22:17:03"}
{"category":"application","level":"info","message":"1f308642-3fc6-4d21-a348-ba0dfa4c7ad8 ::1 GET /api/v1/connections/status/6a47c8bf5930ec6be9cbcb89 304 - - 119.386 ms","service":"research-connect","tags":["api-request"],"timestamp":"2026-07-08 22:17:03"}
{"category":"application","level":"info","message":"ac21238e-bea0-4b51-b5d8-e8859a745a80 ::1 GET /api/v1/suggested-researchers 304 - - 102.700 ms","service":"research-connect","tags":["api-request"],"timestamp":"2026-07-08 22:17:08"}
{"category":"application","level":"info","message":"cded5635-39fb-48d9-b80a-098881662f27 ::1 GET /api/v1/messages/conversations 400 873 - 153.461 ms","service":"research-connect","tags":["api-request"],"timestamp":"2026-07-08 22:17:08"}
{"category":"application","level":"info","message":"92867b1b-ff35-4fd3-a145-5b04b60dabca ::1 GET /api/v1/suggested-researchers 304 - - 102.114 ms","service":"research-connect","tags":["api-request"],"timestamp":"2026-07-08 22:17:08"}
{"category":"application","level":"info","message":"8c82ecff-728d-4f57-91dd-38d5b0ac8f9f ::1 GET /api/v1/messages/conversations 400 873 - 153.019 ms","service":"research-connect","tags":["api-request"],"timestamp":"2026-07-08 22:17:08"}
{"category":"application","level":"info","message":"d14b40d4-acdb-4418-8f47-d3501e83328c ::1 GET /api/v1/follows/following/durga-prasad-rc_NBRIYL?limit=12&search= 200 - - 104.182 ms","service":"research-connect","tags":["api-request"],"timestamp":"2026-07-08 22:17:09"}
{"category":"application","level":"info","message":"e6cd252f-2e24-4cef-b6c1-9536c73a03d8 ::1 GET /api/v1/follows/status/6a4ba2cf16c929154259b412 200 525 - 101.841 ms","service":"research-connect","tags":["api-request"],"timestamp":"2026-07-08 22:17:09"}
{"category":"application","level":"info","message":"e5362619-3337-40c6-af02-f7f8ff12b56b ::1 GET /api/v1/follows/status/6a47bf930e421a3102e45c54 304 - - 101.637 ms","service":"research-connect","tags":["api-request"],"timestamp":"2026-07-08 22:17:09"}
{"category":"application","level":"info","message":"b4f01d15-953f-4b19-a486-03b60ce35edf ::1 GET /api/v1/follows/status/6a47b53878f3d31e8ea5b56e 304 - - 104.559 ms","service":"research-connect","tags":["api-request"],"timestamp":"2026-07-08 22:17:09"}
{"category":"application","level":"info","message":"ce22a746-bf6e-4853-ac5e-dd4205f3e121 ::1 GET /api/v1/follows/status/6a47b53778f3d31e8ea5b568 304 - - 102.041 ms","service":"research-connect","tags":["api-request"],"timestamp":"2026-07-08 22:17:09"}
{"category":"application","level":"info","message":"a398e5b1-e8ea-4f66-bbcc-b71c17d9ffe3 ::1 GET /api/v1/follows/status/6a47b94d75604f7da2a5c5a7 304 - - 100.817 ms","service":"research-connect","tags":["api-request"],"timestamp":"2026-07-08 22:17:09"}
{"category":"application","level":"info","message":"332f4abb-a229-4f2e-b04d-3f47e47eb046 ::1 GET /api/v1/search/autocomplete?q=sushi 200 148 - 127.507 ms","service":"research-connect","tags":["api-request"],"timestamp":"2026-07-08 22:17:14"}
{"category":"application","level":"info","message":"16c22975-5c3a-40c5-a359-2163558bb0d7 ::1 GET /api/v1/search/autocomplete?q=sushil 200 148 - 131.871 ms","service":"research-connect","tags":["api-request"],"timestamp":"2026-07-08 22:17:15"}
{"category":"application","level":"info","message":"596ea396-6893-4b3e-8df1-aa51113d9a88 ::1 GET /api/v1/search/autocomplete?q=sushi 304 - - 111.198 ms","service":"research-connect","tags":["api-request"],"timestamp":"2026-07-08 22:17:17"}
{"category":"application","level":"info","message":"9b8fc427-664a-48cf-b872-caa217722144 ::1 GET /api/v1/feed?page=1&limit=10 304 - - 87.662 ms","service":"research-connect","tags":["api-request"],"timestamp":"2026-07-08 22:17:23"}
{"category":"application","level":"info","message":"18a2d49f-5dcd-4622-ba61-c908c72dfb9f ::1 GET /api/v1/suggested-researchers 304 - - 97.339 ms","service":"research-connect","tags":["api-request"],"timestamp":"2026-07-08 22:17:23"}
{"category":"application","level":"info","message":"3e837d6c-d27e-4209-bc7e-8206024db42d ::1 GET /api/v1/messages/conversations 400 873 - 146.979 ms","service":"research-connect","tags":["api-request"],"timestamp":"2026-07-08 22:17:23"}
{"category":"application","level":"info","message":"41e1aa1a-16c2-4b1a-b86d-e73ace8e1ce1 ::1 GET /api/v1/feed?page=1&limit=10 304 - - 89.473 ms","service":"research-connect","tags":["api-request"],"timestamp":"2026-07-08 22:17:23"}
{"category":"application","level":"info","message":"4ba49ffa-8a0a-4e0b-af50-4b73e373b1d0 ::1 GET /api/v1/suggested-researchers 304 - - 97.746 ms","service":"research-connect","tags":["api-request"],"timestamp":"2026-07-08 22:17:23"}
{"category":"application","level":"info","message":"82e4ce20-4c68-42c6-8fdf-ce781ef567a0 ::1 GET /api/v1/messages/conversations 400 873 - 157.945 ms","service":"research-connect","tags":["api-request"],"timestamp":"2026-07-08 22:17:23"}
{"category":"application","level":"info","message":"060eede6-1ff8-4776-8bea-2020368b5a99 ::1 GET /api/v1/feed?page=1&limit=10 304 - - 101.242 ms","service":"research-connect","tags":["api-request"],"timestamp":"2026-07-08 22:17:33"}
{"category":"application","level":"info","message":"913542dc-3baa-4b7c-80a4-a51e981e50ce ::1 GET /api/v1/messages/conversations 400 873 - 150.855 ms","service":"research-connect","tags":["api-request"],"timestamp":"2026-07-08 22:17:33"}
{"category":"application","level":"info","message":"a38b7e63-201d-46e7-a915-8a4182216170 ::1 GET /api/v1/feed?page=1&limit=10 304 - - 96.245 ms","service":"research-connect","tags":["api-request"],"timestamp":"2026-07-08 22:17:33"}
{"category":"application","level":"info","message":"24e9a3de-48d5-4d74-96da-fb2256617878 ::1 GET /api/v1/suggested-researchers 304 - - 218.900 ms","service":"research-connect","tags":["api-request"],"timestamp":"2026-07-08 22:17:33"}
{"category":"application","level":"info","message":"936a88ec-00a4-4154-97e3-4227f7854b88 ::1 GET /api/v1/messages/conversations 400 873 - 145.246 ms","service":"research-connect","tags":["api-request"],"timestamp":"2026-07-08 22:17:34"}
{"category":"application","level":"info","message":"b76fbd78-ac37-436a-ac29-436188fce158 ::1 GET /api/v1/suggested-researchers 304 - - 87.971 ms","service":"research-connect","tags":["api-request"],"timestamp":"2026-07-08 22:17:34"}
{"category":"application","level":"info","message":"c43520fd-9fd1-465f-ba36-80223931d96d ::1 GET /api/v1/suggested-researchers 304 - - 98.424 ms","service":"research-connect","tags":["api-request"],"timestamp":"2026-07-08 22:17:41"}
{"category":"application","level":"info","message":"0dc65428-ff7c-4aa3-9d0b-265979181424 ::1 GET /api/v1/messages/conversations 400 873 - 138.757 ms","service":"research-connect","tags":["api-request"],"timestamp":"2026-07-08 22:17:41"}
{"category":"application","level":"info","message":"9f245225-b2b7-4a8b-8a66-a21f6ddcee97 ::1 GET /api/v1/search/trending 200 790 - 124.505 ms","service":"research-connect","tags":["api-request"],"timestamp":"2026-07-08 22:18:53"}
{"category":"application","level":"info","message":"6a50a753-df71-40eb-a7e1-116e0667153f ::1 GET /api/v1/search/authors?q=Multi-Modal&page=1&limit=15 200 134 - 141.063 ms","service":"research-connect","tags":["api-request"],"timestamp":"2026-07-08 22:18:53"}
{"category":"application","level":"info","message":"fffb8411-38f3-4d6a-83e6-439531963866 ::1 GET /api/v1/search/publications?q=Multi-Modal&sort=relevance&page=1&limit=15 200 - - 184.197 ms","service":"research-connect","tags":["api-request"],"timestamp":"2026-07-08 22:18:53"}
{"category":"application","level":"info","message":"580dcea7-53ea-4ada-afe7-db7e079188b8 ::1 GET /api/v1/search/autocomplete?q=Multi-Modal 200 148 - 129.370 ms","service":"research-connect","tags":["api-request"],"timestamp":"2026-07-08 22:18:53"}
{"category":"application","level":"info","message":"f143d5f0-9254-4df3-a14c-f00ddce15163 ::1 GET /api/v1/search/publications?q=Multi-Modal&sort=relevance&page=1&limit=15&publicationType=Article 200 - - 212.199 ms","service":"research-connect","tags":["api-request"],"timestamp":"2026-07-08 22:18:55"}
{"category":"application","level":"info","message":"d1776a0c-dc7e-4eec-9830-bcc0b09e5cce ::1 GET /api/v1/feed?page=1&limit=10 304 - - 285.162 ms","service":"research-connect","tags":["api-request"],"timestamp":"2026-07-08 22:18:59"}
{"category":"application","level":"info","message":"cb8fcfae-a31b-4d5a-8fe6-46980f8de247 ::1 GET /api/v1/feed?page=1&limit=10 304 - - 110.822 ms","service":"research-connect","tags":["api-request"],"timestamp":"2026-07-08 22:18:59"}
{"category":"application","level":"info","message":"[ImportJob:6a4e7f9b68cefb8b5f39ec11] [INFO] Enqueued import job for provider: google_scholar","service":"research-connect","timestamp":"2026-07-08 22:19:31"}
{"category":"application","level":"info","message":"[ImportJob:6a4e7f9b68cefb8b5f39ec11] [INFO] Started processing job for user: 6a47b96a8cd847c329add750. Attempt: 1","service":"research-connect","timestamp":"2026-07-08 22:19:31"}
{"category":"application","level":"info","message":"f79655c8-dcee-465b-bad4-db1832e1275a ::1 POST /api/v1/scholar/reimport 400 691 - 222.357 ms","service":"research-connect","tags":["api-request"],"timestamp":"2026-07-08 22:19:31"}
{"category":"application","level":"info","message":"[ImportJob:6a4e7f9b68cefb8b5f39ec11] [INFO] Fetching author profile metadata from SerpAPI...","service":"research-connect","timestamp":"2026-07-08 22:19:31"}
{"category":"application","level":"info","message":"SerpAPI request attempt 1/3 for engine: google_scholar_author","service":"research-connect","timestamp":"2026-07-08 22:19:31"}
{"category":"application","level":"info","message":"SerpAPI request attempt 2/3 for engine: google_scholar_author","service":"research-connect","timestamp":"2026-07-08 22:19:32"}
{"category":"application","level":"info","message":"97d551e2-8067-4969-a377-c54081790c3b ::1 GET /api/v1/notifications/unread-count 304 - - 133.160 ms","service":"research-connect","tags":["api-request"],"timestamp":"2026-07-08 22:19:33"}
{"category":"application","level":"info","message":"SerpAPI request attempt 3/3 for engine: google_scholar_author","service":"research-connect","timestamp":"2026-07-08 22:19:35"}
{"category":"application","level":"info","message":"[ImportJob:6a4e7f9b68cefb8b5f39ec11] [INFO] Saving author profile metadata to database...","service":"research-connect","timestamp":"2026-07-08 22:19:35"}
{"category":"application","level":"info","message":"Preserving user-modified field 'displayName' with value: Mr.Durga Prasad Reddy","service":"research-connect","timestamp":"2026-07-08 22:19:35"}
{"category":"application","level":"info","message":"Preserving user-modified field 'profileImage' with value: ","service":"research-connect","timestamp":"2026-07-08 22:19:35"}
{"category":"application","level":"info","message":"[ImportJob:6a4e7f9b68cefb8b5f39ec11] [INFO] Fetching publications list from Google Scholar...","service":"research-connect","timestamp":"2026-07-08 22:19:35"}
{"category":"application","level":"info","message":"[ImportJob:6a4e7f9b68cefb8b5f39ec11] [INFO] Indexing and comparing 5 publications for duplicates...","service":"research-connect","timestamp":"2026-07-08 22:19:35"}
{"category":"application","level":"info","message":"[ImportJob:6a4e7f9b68cefb8b5f39ec11] [INFO] Updating citations history graph...","service":"research-connect","timestamp":"2026-07-08 22:19:36"}
{"category":"application","level":"info","message":"[ImportJob:6a4e7f9b68cefb8b5f39ec11] [INFO] Updating co-authors directory...","service":"research-connect","timestamp":"2026-07-08 22:19:36"}
{"category":"application","level":"info","message":"[ImportJob:6a4e7f9b68cefb8b5f39ec11] [INFO] Normalizing keywords and research area tags...","service":"research-connect","timestamp":"2026-07-08 22:19:36"}
{"category":"application","level":"info","message":"[ImportJob:6a4e7f9b68cefb8b5f39ec11] [INFO] Recalculating derived analytics and profile stats...","service":"research-connect","timestamp":"2026-07-08 22:19:36"}
{"category":"application","level":"info","message":"[ImportJob:6a4e7f9b68cefb8b5f39ec11] [INFO] Academic portfolio synchronized successfully!","service":"research-connect","timestamp":"2026-07-08 22:19:37"}
{"category":"application","level":"info","message":"[ImportJob:6a4e7f9b68cefb8b5f39ec11] [ERROR] Job failed: No document found for query \"{ _id: new ObjectId('6a4e7f9b68cefb8b5f39ec11') }\" on model \"Import\" \n DocumentNotFoundError: No document found for query \"{ _id: new ObjectId('6a4e7f9b68cefb8b5f39ec11') }\" on model \"Import\"\n    at /Users/durgaprasad/Desktop/Research.connect/backend/node_modules/mongoose/lib/model.js:540:17\n    at /Users/durgaprasad/Desktop/Research.connect/backend/node_modules/mongoose/lib/model.js:450:9\n    at process.processTicksAndRejections (node:internal/process/task_queues:104:5)","service":"research-connect","timestamp":"2026-07-08 22:19:37"}
{"category":"application","level":"info","message":"[ImportJob:6a4e7f9b68cefb8b5f39ec11] [WARN] Re-enqueued job for retry attempt 2","service":"research-connect","timestamp":"2026-07-08 22:19:37"}
{"category":"application","level":"info","message":"754b076d-40c7-4c3f-9cc5-6b29ab7c606f ::1 GET /api/v1/search/autocomplete?q=Multi-Modal 304 - - 141.872 ms","service":"research-connect","tags":["api-request"],"timestamp":"2026-07-08 22:19:38"}
{"category":"application","level":"info","message":"c75b7eea-e3e3-464e-854d-4d70371cedb2 ::1 GET /api/v1/feed?page=1&limit=10 304 - - 107.849 ms","service":"research-connect","tags":["api-request"],"timestamp":"2026-07-08 22:19:38"}
{"category":"application","level":"info","message":"9d1504e6-1ff8-44ae-b9ab-0bee0bafeed0 ::1 GET /api/v1/feed?page=1&limit=10 304 - - 97.489 ms","service":"research-connect","tags":["api-request"],"timestamp":"2026-07-08 22:19:39"}
{"category":"application","level":"info","message":"d36157d4-5084-4ca8-b2e8-83c3b5b7d1be ::1 GET /api/v1/search/autocomplete?q=Multi-Modal 304 - - 107.550 ms","service":"research-connect","tags":["api-request"],"timestamp":"2026-07-08 22:19:39"}
